<?xml version="1.0" encoding="UTF-8"?>
<testsuite name="org.example.CalculateTest" tests="1" skipped="0" failures="0" errors="0" timestamp="2025-06-30T15:49:08.016Z" hostname="TABLET-VA9T3DVR" time="0.007">
  <properties/>
  <testcase name="testSum" classname="org.example.CalculateTest" time="0.007"/>
  <system-out><![CDATA[]]></system-out>
  <system-err><![CDATA[]]></system-err>
</testsuite>
